#
# There is insufficient memory for the Java Runtime Environment to continue.
# Native memory allocation (mmap) failed to map 130023424 bytes for G1 virtual space
# Possible reasons:
#   The system is out of physical RAM or swap space
#   The process is running with CompressedOops enabled, and the Java Heap may be blocking the growth of the native heap
# Possible solutions:
#   Reduce memory load on the system
#   Increase physical memory or swap space
#   Check if swap backing store is full
#   Decrease Java heap size (-Xmx/-Xms)
#   Decrease number of Java threads
#   Decrease Java thread stack sizes (-Xss)
#   Set larger code cache with -XX:ReservedCodeCacheSize=
#   JVM is running with Unscaled Compressed Oops mode in which the Java heap is
#     placed in the first 4GB address space. The Java Heap base address is the
#     maximum limit for the native heap growth. Please use -XX:HeapBaseMinAddress
#     to set the Java Heap base and to place the Java Heap above 4GB virtual address.
# This output file may be truncated or incomplete.
#
#  Out of Memory Error (os_windows.cpp:3528), pid=16468, tid=20872
#
# JRE version:  (20.0.1+9) (build )
# Java VM: Java HotSpot(TM) 64-Bit Server VM (20.0.1+9-29, mixed mode, sharing, tiered, compressed oops, compressed class ptrs, g1 gc, windows-amd64)
# No core dump will be written. Minidumps are not enabled by default on client versions of Windows
#

---------------  S U M M A R Y ------------

Command Line: ViewForm.LoginForm

Host: 12th Gen Intel(R) Core(TM) i7-12650H, 16 cores, 7G,  Windows 11 , 64 bit Build 22621 (10.0.22621.3527)
Time: Fri May 31 21:48:54 2024 SE Asia Standard Time elapsed time: 0.008561 seconds (0d 0h 0m 0s)

---------------  T H R E A D  ---------------

Current thread (0x00000193b5da8980):  JavaThread "Unknown thread" [_thread_in_vm, id=20872, stack(0x000000572cb00000,0x000000572cc00000)]

Stack: [0x000000572cb00000,0x000000572cc00000]
Native frames: (J=compiled Java code, j=interpreted, Vv=VM code, C=native code)
V  [jvm.dll+0x6bb95a]
V  [jvm.dll+0x8485fa]
V  [jvm.dll+0x84a1f5]
V  [jvm.dll+0x84a8f3]
V  [jvm.dll+0x280b0f]
V  [jvm.dll+0x6b86e9]
V  [jvm.dll+0x6ad2da]
V  [jvm.dll+0x35adf5]
V  [jvm.dll+0x363016]
V  [jvm.dll+0x3b3b3e]
V  [jvm.dll+0x3b3dc5]
V  [jvm.dll+0x32b50a]
V  [jvm.dll+0x32c32b]
V  [jvm.dll+0x8112bf]
V  [jvm.dll+0x3c0d91]
V  [jvm.dll+0x7fcfe3]
V  [jvm.dll+0x44c76f]
V  [jvm.dll+0x44e0e1]
C  [jli.dll+0x5287]
C  [ucrtbase.dll+0x29333]
C  [KERNEL32.DLL+0x1257d]
C  [ntdll.dll+0x5aa48]


---------------  P R O C E S S  ---------------

Threads class SMR info:
_java_thread_list=0x00007fff415da098, length=0, elements={
}

Java Threads: ( => current thread )

Other Threads:
  0x00000193b5e05be0 WorkerThread "GC Thread#0" [stack: 0x000000572cc00000,0x000000572cd00000] [id=13080]
  0x00000193b5e15fe0 ConcurrentGCThread "G1 Main Marker" [stack: 0x000000572cd00000,0x000000572ce00000] [id=24704]
  0x00000193b5e17f40 WorkerThread "G1 Conc#0" [stack: 0x000000572ce00000,0x000000572cf00000] [id=25988]

[error occurred during error reporting (printing all threads), id 0xc0000005, EXCEPTION_ACCESS_VIOLATION (0xc0000005) at pc=0x00007fff40dbeb47]
VM state: not at safepoint (not fully initialized)

VM Mutex/Monitor currently owned by a thread:  ([mutex/lock_event])
[0x00000193b5da3360] Heap_lock - owner thread: 0x00000193b5da8980

Heap address: 0x0000000085e00000, size: 1954 MB, Compressed Oops mode: 32-bit

CDS archive(s) mapped at: [0x0000000000000000-0x0000000000000000-0x0000000000000000), size 0, SharedBaseAddress: 0x0000000800000000, ArchiveRelocationMode: 0.
Narrow klass base: 0x0000000000000000, Narrow klass shift: 0, Narrow klass range: 0x0

GC Precious Log:
 CardTable entry size: 512
 Card Set container configuration: InlinePtr #cards 5 size 8 Array Of Cards #cards 12 size 40 Howl #buckets 4 coarsen threshold 1843 Howl Bitmap #cards 512 size 80 coarsen threshold 460 Card regions per heap region 1 cards per card region 2048

Heap:
 garbage-first heap   total 0K, used 0K [0x0000000085e00000, 0x0000000100000000)
  region size 1024K, 0 young (0K), 0 survivors (0K)

[error occurred during error reporting (printing heap information), id 0xc0000005, EXCEPTION_ACCESS_VIOLATION (0xc0000005) at pc=0x00007fff41193c59]
GC Heap History (0 events):
No events

Dll operation events (1 events):
Event: 0.005 Loaded shared library C:\Program Files\Java\jdk-20\bin\java.dll

Deoptimization events (0 events):
No events

Classes loaded (0 events):
No events

Classes unloaded (0 events):
No events

Classes redefined (0 events):
No events

Internal exceptions (0 events):
No events

VM Operations (0 events):
No events

Events (0 events):
No events


Dynamic libraries:
0x00007ff6033e0000 - 0x00007ff6033f0000 	C:\Program Files\Java\jdk-20\bin\java.exe
0x00007fffa97b0000 - 0x00007fffa99c7000 	C:\WINDOWS\SYSTEM32\ntdll.dll
0x00007fffa8ac0000 - 0x00007fffa8b84000 	C:\WINDOWS\System32\KERNEL32.DLL
0x00007fffa7090000 - 0x00007fffa7437000 	C:\WINDOWS\System32\KERNELBASE.dll
0x00007fffa6b00000 - 0x00007fffa6c11000 	C:\WINDOWS\System32\ucrtbase.dll
0x00007fff702e0000 - 0x00007fff702fb000 	C:\Program Files\Java\jdk-20\bin\VCRUNTIME140.dll
0x00007fff8adf0000 - 0x00007fff8ae09000 	C:\Program Files\Java\jdk-20\bin\jli.dll
0x00007fffa9660000 - 0x00007fffa9712000 	C:\WINDOWS\System32\ADVAPI32.dll
0x00007fffa8d50000 - 0x00007fffa8df7000 	C:\WINDOWS\System32\msvcrt.dll
0x00007fffa8a10000 - 0x00007fffa8ab8000 	C:\WINDOWS\System32\sechost.dll
0x00007fffa7060000 - 0x00007fffa7088000 	C:\WINDOWS\System32\bcrypt.dll
0x00007fffa74e0000 - 0x00007fffa75f5000 	C:\WINDOWS\System32\RPCRT4.dll
0x00007fffa8600000 - 0x00007fffa87ae000 	C:\WINDOWS\System32\USER32.dll
0x00007fffa6ad0000 - 0x00007fffa6af6000 	C:\WINDOWS\System32\win32u.dll
0x00007fffa85b0000 - 0x00007fffa85d9000 	C:\WINDOWS\System32\GDI32.dll
0x00007fff96200000 - 0x00007fff96493000 	C:\WINDOWS\WinSxS\amd64_microsoft.windows.common-controls_6595b64144ccf1df_6.0.22621.3527_none_270e469b73872a76\COMCTL32.dll
0x00007fffa6c20000 - 0x00007fffa6d39000 	C:\WINDOWS\System32\gdi32full.dll
0x00007fffa7440000 - 0x00007fffa74da000 	C:\WINDOWS\System32\msvcp_win.dll
0x00007fffa21e0000 - 0x00007fffa21ea000 	C:\WINDOWS\SYSTEM32\VERSION.dll
0x00007fffa88f0000 - 0x00007fffa8921000 	C:\WINDOWS\System32\IMM32.DLL
0x00007fffa1710000 - 0x00007fffa171c000 	C:\Program Files\Java\jdk-20\bin\vcruntime140_1.dll
0x00007fff5b2b0000 - 0x00007fff5b33e000 	C:\Program Files\Java\jdk-20\bin\msvcp140.dll
0x00007fff40a80000 - 0x00007fff41717000 	C:\Program Files\Java\jdk-20\bin\server\jvm.dll
0x00007fffa2100000 - 0x00007fffa2109000 	C:\WINDOWS\SYSTEM32\WSOCK32.dll
0x00007fffa7600000 - 0x00007fffa7671000 	C:\WINDOWS\System32\WS2_32.dll
0x00007fffa1f60000 - 0x00007fffa1f94000 	C:\WINDOWS\SYSTEM32\WINMM.dll
0x00007fffa5b40000 - 0x00007fffa5b58000 	C:\WINDOWS\SYSTEM32\kernel.appcore.dll
0x00007fffa1640000 - 0x00007fffa164a000 	C:\Program Files\Java\jdk-20\bin\jimage.dll
0x00007fffa4320000 - 0x00007fffa4552000 	C:\WINDOWS\SYSTEM32\DBGHELP.DLL
0x00007fffa7840000 - 0x00007fffa7bc8000 	C:\WINDOWS\System32\combase.dll
0x00007fffa8360000 - 0x00007fffa8437000 	C:\WINDOWS\System32\OLEAUT32.dll
0x00007fffa13b0000 - 0x00007fffa13e2000 	C:\WINDOWS\SYSTEM32\dbgcore.DLL
0x00007fffa6fe0000 - 0x00007fffa7059000 	C:\WINDOWS\System32\bcryptPrimitives.dll
0x00007fff70270000 - 0x00007fff70296000 	C:\Program Files\Java\jdk-20\bin\java.dll

dbghelp: loaded successfully - version: 4.0.5 - missing functions: none
symbol engine: initialized successfully - sym options: 0x614 - pdb path: .;C:\Program Files\Java\jdk-20\bin;C:\WINDOWS\SYSTEM32;C:\WINDOWS\WinSxS\amd64_microsoft.windows.common-controls_6595b64144ccf1df_6.0.22621.3527_none_270e469b73872a76;C:\Program Files\Java\jdk-20\bin\server

VM Arguments:
java_command: ViewForm.LoginForm
java_class_path (initial): C:\Users\Admin\Documents\GitHub\HospitalSystem\target\classes;C:\Users\Admin\.m2\repository\com\microsoft\sqlserver\mssql-jdbc\12.2.0.jre11\mssql-jdbc-12.2.0.jre11.jar;C:\Users\Admin\.m2\repository\net\java\dev\timingframework\timingframework\1.0\timingframework-1.0.jar;C:\Users\Admin\.m2\repository\net\java\dev\jna\jna-platform\5.5.0\jna-platform-5.5.0.jar;C:\Users\Admin\.m2\repository\net\java\dev\jna\jna\5.5.0\jna-5.5.0.jar;C:\Users\Admin\.m2\repository\com\miglayout\miglayout\3.7.4\miglayout-3.7.4.jar;C:\Users\Admin\.m2\repository\org\swinglabs\swingx\swingx-all\1.6.5-1\swingx-all-1.6.5-1.jar;C:\Users\Admin\.m2\repository\org\netbeans\external\AbsoluteLayout\RELEASE160\AbsoluteLayout-RELEASE160.jar;C:\Users\Admin\.m2\repository\org\swinglabs\swingx\1.6.1\swingx-1.6.1.jar;C:\Users\Admin\.m2\repository\com\jhlabs\filters\2.0.235\filters-2.0.235.jar;C:\Users\Admin\.m2\repository\org\swinglabs\swing-worker\1.1\swing-worker-1.1.jar;C:\Users\Admin\.m2\repository\com\github\jiconfont\jiconfont-swing\1.0.0\jiconfont-swing-1.0.0.jar;C:\Users\Admin\.m2\repository\com\github\jiconfont\jiconfont\0.10.0\jiconfont-0.10.0.jar;C:\Users\Admin\.m2\repository\com\github\jiconfont\jiconfont-google_material_design_icons\2.2.0.2\jiconfont-google_material_design_icons-2.2.0.2.jar;C:\Users\Admin\.m2\repository\com\toedter\jcalendar\1.4\jcalendar-1.4.jar
Launcher Type: SUN_STANDARD

[Global flags]
     intx CICompilerCount                          = 12                                        {product} {ergonomic}
     uint ConcGCThreads                            = 3                                         {product} {ergonomic}
     uint G1ConcRefinementThreads                  = 13                                        {product} {ergonomic}
   size_t G1HeapRegionSize                         = 1048576                                   {product} {ergonomic}
    uintx GCDrainStackTargetSize                   = 64                                        {product} {ergonomic}
   size_t InitialHeapSize                          = 130023424                                 {product} {ergonomic}
   size_t MarkStackSize                            = 4194304                                   {product} {ergonomic}
   size_t MaxHeapSize                              = 2048917504                                {product} {ergonomic}
   size_t MinHeapDeltaBytes                        = 1048576                                   {product} {ergonomic}
   size_t MinHeapSize                              = 8388608                                   {product} {ergonomic}
    uintx NonNMethodCodeHeapSize                   = 7602480                                {pd product} {ergonomic}
    uintx NonProfiledCodeHeapSize                  = 122027880                              {pd product} {ergonomic}
    uintx ProfiledCodeHeapSize                     = 122027880                              {pd product} {ergonomic}
    uintx ReservedCodeCacheSize                    = 251658240                              {pd product} {ergonomic}
     bool SegmentedCodeCache                       = true                                      {product} {ergonomic}
   size_t SoftMaxHeapSize                          = 2048917504                             {manageable} {ergonomic}
     bool UseCompressedClassPointers               = true                           {product lp64_product} {ergonomic}
     bool UseCompressedOops                        = true                           {product lp64_product} {ergonomic}
     bool UseG1GC                                  = true                                      {product} {ergonomic}
     bool UseLargePagesIndividualAllocation        = false                                  {pd product} {ergonomic}

Logging:
Log output configuration:
 #0: stdout all=warning uptime,level,tags foldmultilines=false
 #1: stderr all=off uptime,level,tags foldmultilines=false

Environment Variables:
JAVA_HOME=C:\Program Files\Java\jdk-20
PATH=C:\Program Files\Common Files\Oracle\Java\javapath;C:\Program Files (x86)\Common Files\Oracle\Java\javapath;C:\Program Files (x86)\VMware\VMware Player\bin\;C:\Windows\system32;C:\Windows;C:\Windows\System32\Wbem;C:\Windows\System32\WindowsPowerShell\v1.0\;C:\Windows\System32\OpenSSH\;C:\Program Files (x86)\NVIDIA Corporation\PhysX\Common;C:\Program Files\NVIDIA Corporation\NVIDIA NvDLISR;C:\WINDOWS\system32;C:\WINDOWS;C:\WINDOWS\System32\Wbem;C:\WINDOWS\System32\WindowsPowerShell\v1.0\;C:\WINDOWS\System32\OpenSSH\;C:\MinGW\bin;C:\Program Files\dotnet\;%JAVA_HOME%\bin;D:\sqlite;C:\Program Files\Git\cmd;C:\Program Files\nodejs\;C:\Program Files\Microsoft SQL Server\150\Tools\Binn\;C:\Program Files\Microsoft SQL Server\Client SDK\ODBC\170\Tools\Binn\;C:\Users\Admin\AppData\Local\Programs\Python\Python312\Scripts\;C:\Users\Admin\AppData\Local\Programs\Python\Python312\;C:\Users\Admin\AppData\Local\Microsoft\WindowsApps;C:\Program Files (x86)\mingw-w64\i686-8.1.0-posix-dwarf-rt_v6-rev0;C:\Users\Admin\AppData\Local\Programs\Microsoft VS Code\bin;D:\c plus\Microsoft VS Code\bin;D:\SQLite3;C:\Program Files\JetBrains\PyCharm Community Edition 2023.2.4\bin;;C:\Users\Admin\AppData\Roaming\npm;C:\Users\Admin\.dotnet\tools;C:\Users\Admin\AppData\Local\GitHubDesktop\bin
USERNAME=Admin
OS=Windows_NT
PROCESSOR_IDENTIFIER=Intel64 Family 6 Model 154 Stepping 3, GenuineIntel
TMP=C:\Users\Admin\AppData\Local\Temp
TEMP=C:\Users\Admin\AppData\Local\Temp




---------------  S Y S T E M  ---------------

OS:
 Windows 11 , 64 bit Build 22621 (10.0.22621.3527)
OS uptime: 4 days 1:46 hours

CPU: total 16 (initial active 16) (8 cores per cpu, 2 threads per core) family 6 model 154 stepping 3 microcode 0x429, cx8, cmov, fxsr, ht, mmx, 3dnowpref, sse, sse2, sse3, ssse3, sse4.1, sse4.2, popcnt, lzcnt, tsc, tscinvbit, avx, avx2, aes, erms, clmul, bmi1, bmi2, adx, sha, fma, vzeroupper, clflush, clflushopt, clwb, serialize, rdtscp, rdpid, fsrm, f16c, pku, cet_ibt, cet_ss

Memory: 4k page, system-wide physical 7812M (552M free)
TotalPageFile size 31364M (AvailPageFile size 52M)
current process WorkingSet (physical memory assigned to process): 11M, peak: 11M
current process commit charge ("private bytes"): 70M, peak: 194M

vm_info: Java HotSpot(TM) 64-Bit Server VM (20.0.1+9-29) for windows-amd64 JRE (20.0.1+9-29), built on 2023-03-07T13:56:11Z by "mach5one" with MS VC++ 17.1 (VS2022)

END.
